<?xml version="1.0" encoding="UTF-8"?>
<!-- Generated by org.testng.reporters.JUnitReportReporter -->
<testsuite skipped="0" hostname="DESKTOP-D8P8HFA" name="com.rzeb.springboot.crud.PostRequestTest" tests="1" failures="0" timestamp="12 lis 2019 21:26:16 GMT" time="2.873" errors="0">
  <testcase name="postContact" time="2.873" classname="com.rzeb.springboot.crud.PostRequestTest"/>
</testsuite> <!-- com.rzeb.springboot.crud.PostRequestTest -->
