<?xml version="1.0" encoding="UTF-8"?>
<!-- Generated by org.testng.reporters.JUnitReportReporter -->
<testsuite skipped="0" hostname="DESKTOP-D8P8HFA" name="com.rzeb.springboot.crud.GetRequestTest" tests="1" failures="0" timestamp="12 lis 2019 19:46:34 GMT" time="2.340" errors="0">
  <testcase name="getContact" time="2.340" classname="com.rzeb.springboot.crud.GetRequestTest"/>
</testsuite> <!-- com.rzeb.springboot.crud.GetRequestTest -->
